=== OpenSSL for Ruby configurator ===
have_func: checking for rb_io_maybe_wait(0, Qnil, Qnil, Qnil) in ruby/io.h... -------------------- no

"xcrun clang -o conftest -I/Library/Developer/CommandLineTools/SDKs/MacOSX.sdk/System/Library/Frameworks/Ruby.framework/Versions/2.6/usr/include/ruby-2.6.0/universal-darwin25 -I/Library/Developer/CommandLineTools/SDKs/MacOSX.sdk/System/Library/Frameworks/Ruby.framework/Versions/2.6/usr/include/ruby-2.6.0/ruby/backward -I/Library/Developer/CommandLineTools/SDKs/MacOSX.sdk/System/Library/Frameworks/Ruby.framework/Versions/2.6/usr/include/ruby-2.6.0 -I. -I/AppleInternal/Library/BuildRoots/4~B3zxugBDzt0cBPpjzhNLFry-jpZrgzFNQJ-1jfA/Applications/Xcode.app/Contents/Developer/Platforms/MacOSX.platform/Developer/SDKs/MacOSX26.0.Internal.sdk/usr/local/libressl-by-deployment-target/14.0/include -D_XOPEN_SOURCE -D_DARWIN_C_SOURCE -D_DARWIN_UNLIMITED_SELECT -D_REENTRANT    -g -Os -pipe -DHAVE_GCC_ATOMIC_BUILTINS -fno-typed-memory-operations -fno-typed-cxx-new-delete -DUSE_FFI_CLOSURE_ALLOC conftest.c  -L. -L/System/Library/Frameworks/Ruby.framework/Versions/2.6/usr/lib -L/AppleInternal/Library/BuildRoots/4~B3zxugBDzt0cBPpjzhNLFry-jpZrgzFNQJ-1jfA/Applications/Xcode.app/Contents/Developer/Platforms/MacOSX.platform/Developer/SDKs/MacOSX26.0.Internal.sdk/usr/local/libressl-by-deployment-target/14.0/lib -L. -L/AppleInternal/Library/BuildRoots/4~B3zxugBDzt0cBPpjzhNLFry-jpZrgzFNQJ-1jfA/Applications/Xcode.app/Contents/Developer/Platforms/MacOSX.platform/Developer/SDKs/MacOSX26.0.Internal.sdk/usr/local/lib     -lruby.2.6   "
ld: warning: search path '/AppleInternal/Library/BuildRoots/4~B3zxugBDzt0cBPpjzhNLFry-jpZrgzFNQJ-1jfA/Applications/Xcode.app/Contents/Developer/Platforms/MacOSX.platform/Developer/SDKs/MacOSX26.0.Internal.sdk/usr/local/libressl-by-deployment-target/14.0/lib' not found
ld: warning: search path '/AppleInternal/Library/BuildRoots/4~B3zxugBDzt0cBPpjzhNLFry-jpZrgzFNQJ-1jfA/Applications/Xcode.app/Contents/Developer/Platforms/MacOSX.platform/Developer/SDKs/MacOSX26.0.Internal.sdk/usr/local/lib' not found
checked program was:
/* begin */
1: #include "ruby.h"
2: 
3: int main(int argc, char **argv)
4: {
5:   return 0;
6: }
/* end */

"xcrun clang -o conftest -I/Library/Developer/CommandLineTools/SDKs/MacOSX.sdk/System/Library/Frameworks/Ruby.framework/Versions/2.6/usr/include/ruby-2.6.0/universal-darwin25 -I/Library/Developer/CommandLineTools/SDKs/MacOSX.sdk/System/Library/Frameworks/Ruby.framework/Versions/2.6/usr/include/ruby-2.6.0/ruby/backward -I/Library/Developer/CommandLineTools/SDKs/MacOSX.sdk/System/Library/Frameworks/Ruby.framework/Versions/2.6/usr/include/ruby-2.6.0 -I. -I/AppleInternal/Library/BuildRoots/4~B3zxugBDzt0cBPpjzhNLFry-jpZrgzFNQJ-1jfA/Applications/Xcode.app/Contents/Developer/Platforms/MacOSX.platform/Developer/SDKs/MacOSX26.0.Internal.sdk/usr/local/libressl-by-deployment-target/14.0/include -D_XOPEN_SOURCE -D_DARWIN_C_SOURCE -D_DARWIN_UNLIMITED_SELECT -D_REENTRANT    -g -Os -pipe -DHAVE_GCC_ATOMIC_BUILTINS -fno-typed-memory-operations -fno-typed-cxx-new-delete -DUSE_FFI_CLOSURE_ALLOC conftest.c  -L. -L/System/Library/Frameworks/Ruby.framework/Versions/2.6/usr/lib -L/AppleInternal/Library/BuildRoots/4~B3zxugBDzt0cBPpjzhNLFry-jpZrgzFNQJ-1jfA/Applications/Xcode.app/Contents/Developer/Platforms/MacOSX.platform/Developer/SDKs/MacOSX26.0.Internal.sdk/usr/local/libressl-by-deployment-target/14.0/lib -L. -L/AppleInternal/Library/BuildRoots/4~B3zxugBDzt0cBPpjzhNLFry-jpZrgzFNQJ-1jfA/Applications/Xcode.app/Contents/Developer/Platforms/MacOSX.platform/Developer/SDKs/MacOSX26.0.Internal.sdk/usr/local/lib     -lruby.2.6   "
conftest.c:17:15: error: call to undeclared function 'rb_io_maybe_wait'; ISO C99 and later do not support implicit function declarations [-Wimplicit-function-declaration]
   17 | int t(void) { rb_io_maybe_wait(0, Qnil, Qnil, Qnil); return 0; }
      |               ^
1 error generated.
checked program was:
/* begin */
 1: #include "ruby.h"
 2: 
 3: #include <ruby/io.h>
 4: 
 5: /*top*/
 6: extern int t(void);
 7: int main(int argc, char **argv)
 8: {
 9:   if (argc > 1000000) {
10:     int (* volatile tp)(void)=(int (*)(void))&t;
11:     printf("%d", (*tp)());
12:   }
13: 
14:   return 0;
15: }
16: 
17: int t(void) { rb_io_maybe_wait(0, Qnil, Qnil, Qnil); return 0; }
/* end */

--------------------

=== Checking for system dependent stuff... ===
have_library: checking for t_open() in -lnsl... -------------------- no

"xcrun clang -o conftest -I/Library/Developer/CommandLineTools/SDKs/MacOSX.sdk/System/Library/Frameworks/Ruby.framework/Versions/2.6/usr/include/ruby-2.6.0/universal-darwin25 -I/Library/Developer/CommandLineTools/SDKs/MacOSX.sdk/System/Library/Frameworks/Ruby.framework/Versions/2.6/usr/include/ruby-2.6.0/ruby/backward -I/Library/Developer/CommandLineTools/SDKs/MacOSX.sdk/System/Library/Frameworks/Ruby.framework/Versions/2.6/usr/include/ruby-2.6.0 -I. -I/AppleInternal/Library/BuildRoots/4~B3zxugBDzt0cBPpjzhNLFry-jpZrgzFNQJ-1jfA/Applications/Xcode.app/Contents/Developer/Platforms/MacOSX.platform/Developer/SDKs/MacOSX26.0.Internal.sdk/usr/local/libressl-by-deployment-target/14.0/include -D_XOPEN_SOURCE -D_DARWIN_C_SOURCE -D_DARWIN_UNLIMITED_SELECT -D_REENTRANT    -g -Os -pipe -DHAVE_GCC_ATOMIC_BUILTINS -fno-typed-memory-operations -fno-typed-cxx-new-delete -DUSE_FFI_CLOSURE_ALLOC conftest.c  -L. -L/System/Library/Frameworks/Ruby.framework/Versions/2.6/usr/lib -L/AppleInternal/Library/BuildRoots/4~B3zxugBDzt0cBPpjzhNLFry-jpZrgzFNQJ-1jfA/Applications/Xcode.app/Contents/Developer/Platforms/MacOSX.platform/Developer/SDKs/MacOSX26.0.Internal.sdk/usr/local/libressl-by-deployment-target/14.0/lib -L. -L/AppleInternal/Library/BuildRoots/4~B3zxugBDzt0cBPpjzhNLFry-jpZrgzFNQJ-1jfA/Applications/Xcode.app/Contents/Developer/Platforms/MacOSX.platform/Developer/SDKs/MacOSX26.0.Internal.sdk/usr/local/lib     -lruby.2.6 -lnsl   "
conftest.c:14:57: error: use of undeclared identifier 't_open'
   14 | int t(void) { void ((*volatile p)()); p = (void ((*)()))t_open; return !p; }
      |                                                         ^
1 error generated.
checked program was:
/* begin */
 1: #include "ruby.h"
 2: 
 3: /*top*/
 4: extern int t(void);
 5: int main(int argc, char **argv)
 6: {
 7:   if (argc > 1000000) {
 8:     int (* volatile tp)(void)=(int (*)(void))&t;
 9:     printf("%d", (*tp)());
10:   }
11: 
12:   return 0;
13: }
14: int t(void) { void ((*volatile p)()); p = (void ((*)()))t_open; return !p; }
/* end */

"xcrun clang -o conftest -I/Library/Developer/CommandLineTools/SDKs/MacOSX.sdk/System/Library/Frameworks/Ruby.framework/Versions/2.6/usr/include/ruby-2.6.0/universal-darwin25 -I/Library/Developer/CommandLineTools/SDKs/MacOSX.sdk/System/Library/Frameworks/Ruby.framework/Versions/2.6/usr/include/ruby-2.6.0/ruby/backward -I/Library/Developer/CommandLineTools/SDKs/MacOSX.sdk/System/Library/Frameworks/Ruby.framework/Versions/2.6/usr/include/ruby-2.6.0 -I. -I/AppleInternal/Library/BuildRoots/4~B3zxugBDzt0cBPpjzhNLFry-jpZrgzFNQJ-1jfA/Applications/Xcode.app/Contents/Developer/Platforms/MacOSX.platform/Developer/SDKs/MacOSX26.0.Internal.sdk/usr/local/libressl-by-deployment-target/14.0/include -D_XOPEN_SOURCE -D_DARWIN_C_SOURCE -D_DARWIN_UNLIMITED_SELECT -D_REENTRANT    -g -Os -pipe -DHAVE_GCC_ATOMIC_BUILTINS -fno-typed-memory-operations -fno-typed-cxx-new-delete -DUSE_FFI_CLOSURE_ALLOC conftest.c  -L. -L/System/Library/Frameworks/Ruby.framework/Versions/2.6/usr/lib -L/AppleInternal/Library/BuildRoots/4~B3zxugBDzt0cBPpjzhNLFry-jpZrgzFNQJ-1jfA/Applications/Xcode.app/Contents/Developer/Platforms/MacOSX.platform/Developer/SDKs/MacOSX26.0.Internal.sdk/usr/local/libressl-by-deployment-target/14.0/lib -L. -L/AppleInternal/Library/BuildRoots/4~B3zxugBDzt0cBPpjzhNLFry-jpZrgzFNQJ-1jfA/Applications/Xcode.app/Contents/Developer/Platforms/MacOSX.platform/Developer/SDKs/MacOSX26.0.Internal.sdk/usr/local/lib     -lruby.2.6 -lnsl   "
ld: warning: search path '/AppleInternal/Library/BuildRoots/4~B3zxugBDzt0cBPpjzhNLFry-jpZrgzFNQJ-1jfA/Applications/Xcode.app/Contents/Developer/Platforms/MacOSX.platform/Developer/SDKs/MacOSX26.0.Internal.sdk/usr/local/libressl-by-deployment-target/14.0/lib' not found
ld: warning: search path '/AppleInternal/Library/BuildRoots/4~B3zxugBDzt0cBPpjzhNLFry-jpZrgzFNQJ-1jfA/Applications/Xcode.app/Contents/Developer/Platforms/MacOSX.platform/Developer/SDKs/MacOSX26.0.Internal.sdk/usr/local/lib' not found
ld: library 'nsl' not found
clang: error: linker command failed with exit code 1 (use -v to see invocation)
checked program was:
/* begin */
 1: #include "ruby.h"
 2: 
 3: /*top*/
 4: extern int t(void);
 5: int main(int argc, char **argv)
 6: {
 7:   if (argc > 1000000) {
 8:     int (* volatile tp)(void)=(int (*)(void))&t;
 9:     printf("%d", (*tp)());
10:   }
11: 
12:   return 0;
13: }
14: extern void t_open();
15: int t(void) { t_open(); return 0; }
/* end */

--------------------

have_library: checking for socket() in -lsocket... -------------------- no

"xcrun clang -o conftest -I/Library/Developer/CommandLineTools/SDKs/MacOSX.sdk/System/Library/Frameworks/Ruby.framework/Versions/2.6/usr/include/ruby-2.6.0/universal-darwin25 -I/Library/Developer/CommandLineTools/SDKs/MacOSX.sdk/System/Library/Frameworks/Ruby.framework/Versions/2.6/usr/include/ruby-2.6.0/ruby/backward -I/Library/Developer/CommandLineTools/SDKs/MacOSX.sdk/System/Library/Frameworks/Ruby.framework/Versions/2.6/usr/include/ruby-2.6.0 -I. -I/AppleInternal/Library/BuildRoots/4~B3zxugBDzt0cBPpjzhNLFry-jpZrgzFNQJ-1jfA/Applications/Xcode.app/Contents/Developer/Platforms/MacOSX.platform/Developer/SDKs/MacOSX26.0.Internal.sdk/usr/local/libressl-by-deployment-target/14.0/include -D_XOPEN_SOURCE -D_DARWIN_C_SOURCE -D_DARWIN_UNLIMITED_SELECT -D_REENTRANT    -g -Os -pipe -DHAVE_GCC_ATOMIC_BUILTINS -fno-typed-memory-operations -fno-typed-cxx-new-delete -DUSE_FFI_CLOSURE_ALLOC conftest.c  -L. -L/System/Library/Frameworks/Ruby.framework/Versions/2.6/usr/lib -L/AppleInternal/Library/BuildRoots/4~B3zxugBDzt0cBPpjzhNLFry-jpZrgzFNQJ-1jfA/Applications/Xcode.app/Contents/Developer/Platforms/MacOSX.platform/Developer/SDKs/MacOSX26.0.Internal.sdk/usr/local/libressl-by-deployment-target/14.0/lib -L. -L/AppleInternal/Library/BuildRoots/4~B3zxugBDzt0cBPpjzhNLFry-jpZrgzFNQJ-1jfA/Applications/Xcode.app/Contents/Developer/Platforms/MacOSX.platform/Developer/SDKs/MacOSX26.0.Internal.sdk/usr/local/lib     -lruby.2.6 -lsocket   "
conftest.c:14:57: error: use of undeclared identifier 'socket'
   14 | int t(void) { void ((*volatile p)()); p = (void ((*)()))socket; return !p; }
      |                                                         ^
1 error generated.
checked program was:
/* begin */
 1: #include "ruby.h"
 2: 
 3: /*top*/
 4: extern int t(void);
 5: int main(int argc, char **argv)
 6: {
 7:   if (argc > 1000000) {
 8:     int (* volatile tp)(void)=(int (*)(void))&t;
 9:     printf("%d", (*tp)());
10:   }
11: 
12:   return 0;
13: }
14: int t(void) { void ((*volatile p)()); p = (void ((*)()))socket; return !p; }
/* end */

"xcrun clang -o conftest -I/Library/Developer/CommandLineTools/SDKs/MacOSX.sdk/System/Library/Frameworks/Ruby.framework/Versions/2.6/usr/include/ruby-2.6.0/universal-darwin25 -I/Library/Developer/CommandLineTools/SDKs/MacOSX.sdk/System/Library/Frameworks/Ruby.framework/Versions/2.6/usr/include/ruby-2.6.0/ruby/backward -I/Library/Developer/CommandLineTools/SDKs/MacOSX.sdk/System/Library/Frameworks/Ruby.framework/Versions/2.6/usr/include/ruby-2.6.0 -I. -I/AppleInternal/Library/BuildRoots/4~B3zxugBDzt0cBPpjzhNLFry-jpZrgzFNQJ-1jfA/Applications/Xcode.app/Contents/Developer/Platforms/MacOSX.platform/Developer/SDKs/MacOSX26.0.Internal.sdk/usr/local/libressl-by-deployment-target/14.0/include -D_XOPEN_SOURCE -D_DARWIN_C_SOURCE -D_DARWIN_UNLIMITED_SELECT -D_REENTRANT    -g -Os -pipe -DHAVE_GCC_ATOMIC_BUILTINS -fno-typed-memory-operations -fno-typed-cxx-new-delete -DUSE_FFI_CLOSURE_ALLOC conftest.c  -L. -L/System/Library/Frameworks/Ruby.framework/Versions/2.6/usr/lib -L/AppleInternal/Library/BuildRoots/4~B3zxugBDzt0cBPpjzhNLFry-jpZrgzFNQJ-1jfA/Applications/Xcode.app/Contents/Developer/Platforms/MacOSX.platform/Developer/SDKs/MacOSX26.0.Internal.sdk/usr/local/libressl-by-deployment-target/14.0/lib -L. -L/AppleInternal/Library/BuildRoots/4~B3zxugBDzt0cBPpjzhNLFry-jpZrgzFNQJ-1jfA/Applications/Xcode.app/Contents/Developer/Platforms/MacOSX.platform/Developer/SDKs/MacOSX26.0.Internal.sdk/usr/local/lib     -lruby.2.6 -lsocket   "
ld: warning: search path '/AppleInternal/Library/BuildRoots/4~B3zxugBDzt0cBPpjzhNLFry-jpZrgzFNQJ-1jfA/Applications/Xcode.app/Contents/Developer/Platforms/MacOSX.platform/Developer/SDKs/MacOSX26.0.Internal.sdk/usr/local/libressl-by-deployment-target/14.0/lib' not found
ld: warning: search path '/AppleInternal/Library/BuildRoots/4~B3zxugBDzt0cBPpjzhNLFry-jpZrgzFNQJ-1jfA/Applications/Xcode.app/Contents/Developer/Platforms/MacOSX.platform/Developer/SDKs/MacOSX26.0.Internal.sdk/usr/local/lib' not found
ld: library 'socket' not found
clang: error: linker command failed with exit code 1 (use -v to see invocation)
checked program was:
/* begin */
 1: #include "ruby.h"
 2: 
 3: /*top*/
 4: extern int t(void);
 5: int main(int argc, char **argv)
 6: {
 7:   if (argc > 1000000) {
 8:     int (* volatile tp)(void)=(int (*)(void))&t;
 9:     printf("%d", (*tp)());
10:   }
11: 
12:   return 0;
13: }
14: extern void socket();
15: int t(void) { socket(); return 0; }
/* end */

--------------------

=== Checking for required stuff... ===
have_header: checking for openssl/ssl.h... -------------------- no

"xcrun clang -I/Library/Developer/CommandLineTools/SDKs/MacOSX.sdk/System/Library/Frameworks/Ruby.framework/Versions/2.6/usr/include/ruby-2.6.0/universal-darwin25 -I/Library/Developer/CommandLineTools/SDKs/MacOSX.sdk/System/Library/Frameworks/Ruby.framework/Versions/2.6/usr/include/ruby-2.6.0/ruby/backward -I/Library/Developer/CommandLineTools/SDKs/MacOSX.sdk/System/Library/Frameworks/Ruby.framework/Versions/2.6/usr/include/ruby-2.6.0 -I. -I/AppleInternal/Library/BuildRoots/4~B3zxugBDzt0cBPpjzhNLFry-jpZrgzFNQJ-1jfA/Applications/Xcode.app/Contents/Developer/Platforms/MacOSX.platform/Developer/SDKs/MacOSX26.0.Internal.sdk/usr/local/libressl-by-deployment-target/14.0/include -D_XOPEN_SOURCE -D_DARWIN_C_SOURCE -D_DARWIN_UNLIMITED_SELECT -D_REENTRANT    -g -Os -pipe -DHAVE_GCC_ATOMIC_BUILTINS -fno-typed-memory-operations -fno-typed-cxx-new-delete -DUSE_FFI_CLOSURE_ALLOC   -c conftest.c"
conftest.c:3:10: fatal error: 'openssl/ssl.h' file not found
    3 | #include <openssl/ssl.h>
      |          ^~~~~~~~~~~~~~~
1 error generated.
checked program was:
/* begin */
1: #include "ruby.h"
2: 
3: #include <openssl/ssl.h>
/* end */

--------------------

=== Checking for required stuff failed. ===
Makefile wasn't created. Fix the errors above.
